<?xml version="1.0" encoding="UTF-8"?>
<!-- Generated by org.testng.reporters.JUnitReportReporter -->
<testsuite skipped="0" hostname="DESKTOP-FGN9CRI" name="com.crm.ContactTest.ReadDataTest" tests="1" failures="0" timestamp="2022-03-14T16:25:25 IST" time="0.014" errors="0">
  <testcase name="read" time="0.014" classname="com.crm.ContactTest.ReadDataTest"/>
  <system-out>
    <![CDATA[chrome]]>
  </system-out>
</testsuite> <!-- com.crm.ContactTest.ReadDataTest -->
